<?xml version="1.0" encoding="UTF-8"?>
<!-- Generated by org.testng.reporters.JUnitReportReporter -->
<testsuite skipped="0" hostname="LAPTOP-P5LSKAKC" name="testcases.TC_006_MergeLead" tests="1" failures="0" timestamp="01 Aug 2018 02:54:13 GMT" time="18.582" errors="0">
  <testcase name="MergeleadTestcase" time="18.582" classname="testcases.TC_006_MergeLead"/>
</testsuite> <!-- testcases.TC_006_MergeLead -->
