<?xml version="1.0" encoding="UTF-8"?>
<!-- Generated by org.testng.reporters.JUnitReportReporter -->
<testsuite skipped="0" hostname="LAPTOP-P5LSKAKC" name="testcases.TC_004_EditLead" tests="1" failures="0" timestamp="01 Aug 2018 02:53:33 GMT" time="17.281" errors="0">
  <testcase name="deleteLeadTestCase" time="17.281" classname="testcases.TC_004_EditLead"/>
</testsuite> <!-- testcases.TC_004_EditLead -->
