<?xml version="1.0" encoding="UTF-8"?>
<!-- Generated by org.testng.reporters.JUnitReportReporter -->
<testsuite skipped="0" hostname="LAPTOP-P5LSKAKC" name="testcases.TC_003_DeleteLead" tests="1" failures="0" timestamp="01 Aug 2018 02:53:33 GMT" time="15.917" errors="0">
  <testcase name="deleteLeadTestCase" time="15.917" classname="testcases.TC_003_DeleteLead"/>
</testsuite> <!-- testcases.TC_003_DeleteLead -->
