<?xml version="1.0" encoding="UTF-8"?>
<!-- Generated by org.testng.reporters.JUnitReportReporter -->
<testsuite skipped="0" hostname="LAPTOP-P5LSKAKC" name="testcases.TC_005_DuplicateLead" tests="1" failures="0" timestamp="01 Aug 2018 02:53:33 GMT" time="17.492" errors="0">
  <testcase name="Duplicateleadtestcase" time="17.492" classname="testcases.TC_005_DuplicateLead"/>
</testsuite> <!-- testcases.TC_005_DuplicateLead -->
