<?xml version="1.0" encoding="UTF-8"?>
<!-- Generated by org.testng.reporters.JUnitReportReporter -->
<testsuite skipped="0" hostname="LAPTOP-P5LSKAKC" name="testcases.TC_001_CreateLead_TestLeaf" tests="1" failures="0" timestamp="01 Aug 2018 02:53:33 GMT" time="23.876" errors="0">
  <testcase name="createLeadTestCase" time="23.876" classname="testcases.TC_001_CreateLead_TestLeaf"/>
</testsuite> <!-- testcases.TC_001_CreateLead_TestLeaf -->
